<?xml version="1.0" encoding="UTF-8"?>
<!-- Generated by org.testng.reporters.JUnitXMLReporter -->
<testsuite ignored="4" hostname="DESKTOP-OSVRB79" failures="0" tests="1" name="Default test(failed)(failed)" time="0.107" errors="0" timestamp="2023-12-26T13:14:06 IST">
  <testcase classname="testNg_FailedXML_Serial_Parallel.Failed_xml" name="e" time="0.015"/>
  <testcase classname="testNg_FailedXML_Serial_Parallel.Failed_xml" name="d" time="0.0">
    <ignored/>
  </testcase> <!-- d -->
  <testcase classname="testNg_FailedXML_Serial_Parallel.Failed_xml" name="a" time="0.0">
    <ignored/>
  </testcase> <!-- a -->
  <testcase classname="testNg_FailedXML_Serial_Parallel.Failed_xml" name="b" time="0.0">
    <ignored/>
  </testcase> <!-- b -->
  <testcase classname="testNg_FailedXML_Serial_Parallel.Failed_xml" name="c" time="0.0">
    <ignored/>
  </testcase> <!-- c -->
</testsuite> <!-- Default test(failed)(failed) -->
